ERROR 2025-09-13 01:43:30,825 middleware 2744 140371925149376 EXCEPTION /dashboard/analytics/financeiro/ - FieldError: Cannot resolve keyword 'created_at' into field. Choices are: cod_ordem, contratado, cpf_cnpj, data_fim, data_inicio, data_parcela_inicial, descricao, itens, num_contrato, parcelas, situacao, tipo_pessoa, valor
ERROR 2025-09-13 01:44:24,299 middleware 2994 140445074708160 EXCEPTION /dashboard/ - FieldError: Cannot resolve keyword 'created_at' into field. Choices are: cod_projeto, data_encerramento, data_inicio, lancamentos, marcos, nome, requisicoes, situacao, valor
ERROR 2025-09-13 01:44:26,559 middleware 2997 140470586590912 EXCEPTION /dashboard/ - FieldError: Cannot resolve keyword 'created_at' into field. Choices are: cod_projeto, data_encerramento, data_inicio, lancamentos, marcos, nome, requisicoes, situacao, valor
ERROR 2025-09-13 01:44:29,166 middleware 3012 139784323991232 EXCEPTION /dashboard/ - FieldError: Cannot resolve keyword 'valor_realizado' into field. Choices are: cod_projeto, data_encerramento, data_inicio, lancamentos, marcos, nome, requisicoes, situacao, valor
ERROR 2025-09-13 01:44:56,886 middleware 3083 140081891681984 EXCEPTION /dashboard/ - NoReverseMatch: Reverse for 'prestador_list' not found. 'prestador_list' is not a valid view function or pattern name.
ERROR 2025-09-13 01:45:01,816 middleware 3099 140042426648256 EXCEPTION /dashboard/ - NoReverseMatch: Reverse for 'prestador_list' not found. 'prestador_list' is not a valid view function or pattern name.
ERROR 2025-09-13 01:45:49,821 middleware 3181 140301385344704 EXCEPTION /projetos/ - VariableDoesNotExist: Failed lookup for key [responsavel] in <Projeto: 1 - Projeto 0001 - Transporte>
ERROR 2025-09-13 01:48:04,587 middleware 3510 139732373722816 EXCEPTION /contratos/ - NoReverseMatch: Reverse for 'contrato_detail' with arguments '('0001/2025',)' not found. 1 pattern(s) tried: ['contratos/(?P<pk>[^/]+)/\\Z']
ERROR 2025-09-13 02:06:22,576 middleware 5660 139756836964032 EXCEPTION /contratos/0001/2025/ - TemplateSyntaxError: Invalid block tag on line 114: 'endblock'. Did you forget to register or load this tag?
ERROR 2025-09-13 02:07:53,573 middleware 6068 139827904050880 EXCEPTION /contratos/0001/2025/ - TemplateSyntaxError: 'block' tag with name 'extra_js' appears more than once
ERROR 2025-09-13 02:09:37,684 middleware 6128 140465324598976 EXCEPTION /contratos/0002/2025/parcelas/adicionar/ - Http404: Contrato  não encontrado de acordo com a consulta
ERROR 2025-09-13 02:22:33,113 middleware 6628 140486007314112 EXCEPTION /contratos/0001/2025/parcelas/adicionar/ - IntegrityError: NOT NULL constraint failed: itens_contrato.cod_lancamento
ERROR 2025-09-13 02:32:26,337 middleware 8800 140183801416896 EXCEPTION /contratos/prestadores/create/ - Http404: Contrato  não encontrado de acordo com a consulta
ERROR 2025-09-13 02:38:28,071 middleware 8881 140402376627904 EXCEPTION /contratos/parcelas/all/ - NoReverseMatch: Reverse for 'contrato_detail' with arguments '('',)' not found. 1 pattern(s) tried: ['contratos/(?P<pk>.+)/\\Z']
ERROR 2025-09-13 02:38:59,930 middleware 8881 140402376627904 EXCEPTION /relatorios/ - NoReverseMatch: Reverse for 'relatorio_projetos_generate' not found. 'relatorio_projetos_generate' is not a valid view function or pattern name.
ERROR 2025-09-13 02:39:13,608 middleware 8881 140402376627904 EXCEPTION /dashboard/analytics/projetos/ - FieldError: Cannot resolve keyword 'responsavel' into field. Choices are: cod_projeto, data_encerramento, data_inicio, lancamentos, marcos, nome, requisicoes, situacao, valor
ERROR 2025-09-13 02:39:20,098 middleware 8881 140402376627904 EXCEPTION /dashboard/analytics/contratos/ - FieldError: Cannot resolve keyword 'valor_pago' into field. Choices are: cod_ordem, contratado, cpf_cnpj, data_fim, data_inicio, data_parcela_inicial, descricao, itens, num_contrato, parcelas, situacao, tipo_pessoa, valor
ERROR 2025-09-13 02:46:07,161 middleware 8881 140402376627904 EXCEPTION /contratos/prestadores/ - NoReverseMatch: Reverse for 'prestador_detail' not found. 'prestador_detail' is not a valid view function or pattern name.
ERROR 2025-09-13 02:48:24,271 middleware 9285 139658667330752 EXCEPTION /contratos/prestadores/ - NoReverseMatch: Reverse for 'prestador_detail' not found. 'prestador_detail' is not a valid view function or pattern name.
ERROR 2025-09-13 02:48:46,431 middleware 9567 139882029268160 EXCEPTION /contratos/prestadores/ - NoReverseMatch: Reverse for 'prestador_detail' not found. 'prestador_detail' is not a valid view function or pattern name.
ERROR 2025-09-13 02:51:03,608 middleware 9686 140679020555456 EXCEPTION /contratos/prestadores/1/ - Http404: Contrato  não encontrado de acordo com a consulta
ERROR 2025-09-13 02:51:19,132 middleware 9703 140592609209536 EXCEPTION /contratos/prestadores/1/ - Http404: Contrato  não encontrado de acordo com a consulta
ERROR 2025-09-13 02:53:47,002 middleware 10073 140595882589376 EXCEPTION /contratos/prestadores/1/edit/ - Http404: Contrato  não encontrado de acordo com a consulta
ERROR 2025-09-13 02:55:26,251 middleware 10133 139694961186496 EXCEPTION /contratos/parcelas/all/ - NoReverseMatch: Reverse for 'contrato_detail' with arguments '('',)' not found. 1 pattern(s) tried: ['contratos/(?P<pk>.+)/\\Z']
ERROR 2025-09-13 03:12:16,506 middleware 11845 140099584163008 EXCEPTION /dashboard/api/chart-data/financeiro/ - AttributeError: 'FinanceiroAnalyticsService' object has no attribute 'get_chart_receitas'
ERROR 2025-09-13 03:13:06,619 middleware 12129 140676200336576 EXCEPTION /dashboard/api/chart-data/financeiro/ - AttributeError: 'FinanceiroAnalyticsService' object has no attribute 'get_chart_receitas'
ERROR 2025-09-13 03:13:25,888 middleware 12196 139973557906624 EXCEPTION /dashboard/api/chart-data/financeiro/ - AttributeError: 'FinanceiroAnalyticsService' object has no attribute 'get_chart_receitas'
ERROR 2025-09-13 03:24:02,707 middleware 13506 139810007608512 EXCEPTION /pagamentos/history/ - FieldError: Cannot resolve keyword 'numero' into field. Choices are: cod_ordem, contratado, cpf_cnpj, data_fim, data_inicio, data_parcela_inicial, descricao, itens, num_contrato, parcelas, situacao, tipo_pessoa, valor
ERROR 2025-09-13 03:24:24,830 middleware 13528 140350760930496 EXCEPTION /pagamentos/history/ - TemplateSyntaxError: Invalid filter: 'div'
ERROR 2025-09-13 03:24:58,764 middleware 13582 140639392648384 EXCEPTION /pagamentos/history/ - NoReverseMatch: Reverse for 'parcela_detail' not found. 'parcela_detail' is not a valid view function or pattern name.
ERROR 2025-09-13 03:25:20,973 middleware 13632 139894602091712 EXCEPTION /pagamentos/history/ - NoReverseMatch: Reverse for 'item_detail' not found. 'item_detail' is not a valid view function or pattern name.
ERROR 2025-09-13 03:28:54,095 middleware 13575 139803630094016 EXCEPTION /relatorios/ - NoReverseMatch: Reverse for 'relatorio_projetos_generate' not found. 'relatorio_projetos_generate' is not a valid view function or pattern name.
ERROR 2025-09-13 03:35:03,162 middleware 14359 139888368078016 EXCEPTION /relatorios/projetos/ - FieldError: Cannot resolve keyword 'data_criacao' into field. Choices are: cod_projeto, data_encerramento, data_inicio, lancamentos, marcos, nome, requisicoes, situacao, valor
ERROR 2025-09-13 03:35:46,406 middleware 14715 139961849691328 EXCEPTION /relatorios/financeiro/ - OperationalError: near "FROM": syntax error
ERROR 2025-09-13 03:43:53,297 middleware 15698 139666943126720 EXCEPTION /relatorios/contratos/generate/ - TypeError: float() argument must be a string or a real number, not 'NoneType'
ERROR 2025-09-13 03:44:18,388 middleware 15826 140198002535616 EXCEPTION /relatorios/financeiro/generate/ - TypeError: Object of type Decimal is not JSON serializable
ERROR 2025-09-13 04:00:24,513 middleware 17963 140512764714176 EXCEPTION /relatorios/projetos/generate/ - AttributeError: 'MergedCell' object has no attribute 'column_letter'
ERROR 2025-09-13 04:26:46,584 middleware 21825 140246190042304 EXCEPTION /relatorios/custom/generate/ - NameError: name 'messages' is not defined
ERROR 2025-09-13 04:26:46,635 middleware 21825 140246190042304 EXCEPTION /relatorios/custom/generate/ - NameError: name 'messages' is not defined
ERROR 2025-09-13 04:27:54,786 middleware 21966 140693212650688 EXCEPTION /relatorios/custom/generate/ - NameError: name 'RelatorioCustomForm' is not defined
ERROR 2025-09-13 04:28:15,284 middleware 21986 140156378483904 EXCEPTION /relatorios/custom/generate/ - TypeError: float() argument must be a string or a real number, not 'NoneType'
ERROR 2025-09-13 04:28:39,503 middleware 22038 139733326458048 EXCEPTION /relatorios/custom/generate/ - FieldError: Cannot resolve keyword '' into field. Choices are: cod_projeto, data_encerramento, data_inicio, lancamentos, marcos, nome, requisicoes, situacao, valor
ERROR 2025-09-13 04:28:39,615 middleware 22038 139733326458048 EXCEPTION /relatorios/custom/generate/ - FieldError: Cannot resolve keyword '' into field. Choices are: cod_projeto, data_encerramento, data_inicio, lancamentos, marcos, nome, requisicoes, situacao, valor
ERROR 2025-09-13 04:28:39,680 middleware 22038 139733326458048 EXCEPTION /relatorios/custom/generate/ - TypeError: unsupported format string passed to NoneType.__format__
ERROR 2025-09-13 04:31:22,725 middleware 22164 140093642661056 EXCEPTION /relatorios/custom/generate/ - TypeError: 'NoneType' object is not subscriptable
ERROR 2025-09-13 04:34:14,996 middleware 22190 140227729422016 EXCEPTION /dashboard/analytics/projetos/ - FieldError: Cannot resolve keyword 'responsavel' into field. Choices are: cod_projeto, data_encerramento, data_inicio, lancamentos, marcos, nome, requisicoes, situacao, valor
ERROR 2025-09-13 04:35:45,030 middleware 22782 140107312979136 EXCEPTION /dashboard/analytics/projetos/ - AttributeError: 'ProjetosAnalyticsService' object has no attribute 'get_evolucao_mensal'
ERROR 2025-09-13 04:37:02,777 middleware 22864 140570542554304 EXCEPTION /dashboard/analytics/contratos/ - FieldError: Cannot resolve keyword 'valor_pago' into field. Choices are: cod_ordem, contratado, cpf_cnpj, data_fim, data_inicio, data_parcela_inicial, descricao, itens, num_contrato, parcelas, situacao, tipo_pessoa, valor
ERROR 2025-09-13 14:17:13,363 middleware 1943 139641252203712 EXCEPTION /contratos/ - FieldError: Cannot resolve keyword 'id' into field. Choices are: cod_ordem, contratado, cpf_cnpj, data_fim, data_inicio, data_parcela_inicial, descricao, itens, num_contrato, parcelas, situacao, tipo_pessoa, valor
